<?xml version="1.0" encoding="UTF-8"?>
<coverage generated="1747126442136" clover="3.2.0">
  <project timestamp="1747126442136" name="All files">
    <metrics statements="33" coveredstatements="30" conditionals="2" coveredconditionals="1" methods="6" coveredmethods="5" elements="41" coveredelements="36" complexity="0" loc="33" ncloc="33" packages="1" files="3" classes="3"/>
    <file name="server.ts" path="/Users/kentineven/Documents/M1/tests-from-scratch/packages/node/src/server.ts">
      <metrics statements="9" coveredstatements="6" conditionals="1" coveredconditionals="0" methods="1" coveredmethods="0"/>
      <line num="2" count="1" type="stmt"/>
      <line num="3" count="1" type="stmt"/>
      <line num="4" count="1" type="stmt"/>
      <line num="5" count="1" type="stmt"/>
      <line num="6" count="1" type="stmt"/>
      <line num="8" count="1" type="cond" truecount="0" falsecount="1"/>
      <line num="9" count="0" type="stmt"/>
      <line num="10" count="0" type="stmt"/>
      <line num="11" count="0" type="stmt"/>
    </file>
    <file name="users.ts" path="/Users/kentineven/Documents/M1/tests-from-scratch/packages/node/src/users.ts">
      <metrics statements="13" coveredstatements="13" conditionals="1" coveredconditionals="1" methods="2" coveredmethods="2"/>
      <line num="2" count="1" type="stmt"/>
      <line num="3" count="1" type="stmt"/>
      <line num="5" count="1" type="stmt"/>
      <line num="11" count="1" type="stmt"/>
      <line num="15" count="2" type="stmt"/>
      <line num="18" count="1" type="stmt"/>
      <line num="22" count="3" type="stmt"/>
      <line num="23" count="3" type="cond" truecount="1" falsecount="0"/>
      <line num="24" count="1" type="stmt"/>
      <line num="25" count="1" type="stmt"/>
      <line num="27" count="2" type="stmt"/>
      <line num="28" count="2" type="stmt"/>
      <line num="31" count="1" type="stmt"/>
    </file>
    <file name="usersStore.ts" path="/Users/kentineven/Documents/M1/tests-from-scratch/packages/node/src/usersStore.ts">
      <metrics statements="11" coveredstatements="11" conditionals="0" coveredconditionals="0" methods="3" coveredmethods="3"/>
      <line num="6" count="1" type="stmt"/>
      <line num="7" count="1" type="stmt"/>
      <line num="11" count="1" type="stmt"/>
      <line num="12" count="2" type="stmt"/>
      <line num="17" count="1" type="stmt"/>
      <line num="18" count="2" type="stmt"/>
      <line num="19" count="2" type="stmt"/>
      <line num="20" count="2" type="stmt"/>
      <line num="26" count="1" type="stmt"/>
      <line num="27" count="4" type="stmt"/>
      <line num="28" count="4" type="stmt"/>
    </file>
  </project>
</coverage>
