{"/Users/kentineven/Documents/M1/tests-from-scratch/packages/node/src/server.ts": {"path":"/Users/kentineven/Documents/M1/tests-from-scratch/packages/node/src/server.ts","statementMap":{"0":{"start":{"line":2,"column":0},"end":{"line":2,"column":30}},"1":{"start":{"line":3,"column":0},"end":{"line":3,"column":32}},"2":{"start":{"line":4,"column":13},"end":{"line":4,"column":29}},"3":{"start":{"line":5,"column":0},"end":{"line":5,"column":24}},"4":{"start":{"line":6,"column":0},"end":{"line":6,"column":30}},"5":{"start":{"line":8,"column":0},"end":{"line":13,"column":1}},"6":{"start":{"line":9,"column":15},"end":{"line":9,"column":19}},"7":{"start":{"line":10,"column":2},"end":{"line":12,"column":5}},"8":{"start":{"line":11,"column":4},"end":{"line":11,"column":67}}},"fnMap":{"0":{"name":"(anonymous_1)","decl":{"start":{"line":10,"column":19},"end":{"line":10,"column":22}},"loc":{"start":{"line":10,"column":24},"end":{"line":12,"column":3}}}},"branchMap":{"0":{"loc":{"start":{"line":8,"column":0},"end":{"line":13,"column":1}},"type":"if","locations":[{"start":{"line":8,"column":0},"end":{"line":13,"column":1}}]}},"s":{"0":1,"1":1,"2":1,"3":1,"4":1,"5":1,"6":0,"7":0,"8":0},"f":{"0":0},"b":{"0":[0]}}
,"/Users/kentineven/Documents/M1/tests-from-scratch/packages/node/src/users.ts": {"path":"/Users/kentineven/Documents/M1/tests-from-scratch/packages/node/src/users.ts","statementMap":{"0":{"start":{"line":2,"column":0},"end":{"line":2,"column":52}},"1":{"start":{"line":3,"column":0},"end":{"line":3,"column":52}},"2":{"start":{"line":5,"column":15},"end":{"line":5,"column":23}},"3":{"start":{"line":11,"column":0},"end":{"line":16,"column":3}},"4":{"start":{"line":15,"column":2},"end":{"line":15,"column":35}},"5":{"start":{"line":18,"column":0},"end":{"line":29,"column":3}},"6":{"start":{"line":22,"column":19},"end":{"line":22,"column":27}},"7":{"start":{"line":23,"column":2},"end":{"line":26,"column":3}},"8":{"start":{"line":24,"column":4},"end":{"line":24,"column":56}},"9":{"start":{"line":25,"column":4},"end":{"line":25,"column":11}},"10":{"start":{"line":27,"column":15},"end":{"line":27,"column":31}},"11":{"start":{"line":28,"column":2},"end":{"line":28,"column":29}},"12":{"start":{"line":31,"column":0},"end":{"line":31,"column":22}}},"fnMap":{"0":{"name":"(anonymous_0)","decl":{"start":{"line":11,"column":16},"end":{"line":11,"column":null}},"loc":{"start":{"line":14,"column":10},"end":{"line":16,"column":1}}},"1":{"name":"(anonymous_1)","decl":{"start":{"line":18,"column":17},"end":{"line":18,"column":null}},"loc":{"start":{"line":21,"column":10},"end":{"line":29,"column":1}}}},"branchMap":{"0":{"loc":{"start":{"line":23,"column":2},"end":{"line":26,"column":3}},"type":"if","locations":[{"start":{"line":23,"column":2},"end":{"line":26,"column":3}}]}},"s":{"0":1,"1":1,"2":1,"3":1,"4":2,"5":1,"6":3,"7":3,"8":1,"9":1,"10":2,"11":2,"12":1},"f":{"0":2,"1":3},"b":{"0":[1]}}
,"/Users/kentineven/Documents/M1/tests-from-scratch/packages/node/src/usersStore.ts": {"path":"/Users/kentineven/Documents/M1/tests-from-scratch/packages/node/src/usersStore.ts","statementMap":{"0":{"start":{"line":11,"column":2},"end":{"line":11,"column":18}},"1":{"start":{"line":17,"column":2},"end":{"line":17,"column":18}},"2":{"start":{"line":26,"column":2},"end":{"line":26,"column":18}},"3":{"start":{"line":6,"column":22},"end":{"line":6,"column":24}},"4":{"start":{"line":7,"column":15},"end":{"line":7,"column":16}},"5":{"start":{"line":12,"column":2},"end":{"line":12,"column":15}},"6":{"start":{"line":18,"column":15},"end":{"line":18,"column":37}},"7":{"start":{"line":19,"column":2},"end":{"line":19,"column":19}},"8":{"start":{"line":20,"column":2},"end":{"line":20,"column":14}},"9":{"start":{"line":27,"column":2},"end":{"line":27,"column":13}},"10":{"start":{"line":28,"column":2},"end":{"line":28,"column":13}}},"fnMap":{"0":{"name":"getUsers","decl":{"start":{"line":11,"column":18},"end":{"line":11,"column":26}},"loc":{"start":{"line":11,"column":26},"end":{"line":13,"column":3}}},"1":{"name":"createUser","decl":{"start":{"line":17,"column":18},"end":{"line":17,"column":28}},"loc":{"start":{"line":17,"column":41},"end":{"line":21,"column":3}}},"2":{"name":"resetStore","decl":{"start":{"line":26,"column":18},"end":{"line":26,"column":28}},"loc":{"start":{"line":26,"column":28},"end":{"line":29,"column":3}}}},"branchMap":{},"s":{"0":1,"1":1,"2":1,"3":1,"4":1,"5":2,"6":2,"7":2,"8":2,"9":4,"10":4},"f":{"0":2,"1":2,"2":4},"b":{}}
}
