TN:
SF:src/server.ts
FN:10,(anonymous_1)
FNF:1
FNH:0
FNDA:0,(anonymous_1)
DA:2,1
DA:3,1
DA:4,1
DA:5,1
DA:6,1
DA:8,1
DA:9,0
DA:10,0
DA:11,0
LF:9
LH:6
BRDA:8,0,0,0
BRF:1
BRH:0
end_of_record
TN:
SF:src/users.ts
FN:11,(anonymous_0)
FN:18,(anonymous_1)
FNF:2
FNH:2
FNDA:2,(anonymous_0)
FNDA:3,(anonymous_1)
DA:2,1
DA:3,1
DA:5,1
DA:11,1
DA:15,2
DA:18,1
DA:22,3
DA:23,3
DA:24,1
DA:25,1
DA:27,2
DA:28,2
DA:31,1
LF:13
LH:13
BRDA:23,0,0,1
BRF:1
BRH:1
end_of_record
TN:
SF:src/usersStore.ts
FN:11,getUsers
FN:17,createUser
FN:26,resetStore
FNF:3
FNH:3
FNDA:2,getUsers
FNDA:2,createUser
FNDA:4,resetStore
DA:6,1
DA:7,1
DA:11,1
DA:12,2
DA:17,1
DA:18,2
DA:19,2
DA:20,2
DA:26,1
DA:27,4
DA:28,4
LF:11
LH:11
BRF:0
BRH:0
end_of_record
